#
# There is insufficient memory for the Java Runtime Environment to continue.
# Native memory allocation (malloc) failed to allocate 32744 bytes for ChunkPool::allocate
# Possible reasons:
#   The system is out of physical RAM or swap space
#   The process is running with CompressedOops enabled, and the Java Heap may be blocking the growth of the native heap
# Possible solutions:
#   Reduce memory load on the system
#   Increase physical memory or swap space
#   Check if swap backing store is full
#   Decrease Java heap size (-Xmx/-Xms)
#   Decrease number of Java threads
#   Decrease Java thread stack sizes (-Xss)
#   Set larger code cache with -XX:ReservedCodeCacheSize=
#   JVM is running with Unscaled Compressed Oops mode in which the Java heap is
#     placed in the first 4GB address space. The Java Heap base address is the
#     maximum limit for the native heap growth. Please use -XX:HeapBaseMinAddress
#     to set the Java Heap base and to place the Java Heap above 4GB virtual address.
# This output file may be truncated or incomplete.
#
#  Out of Memory Error (./open/src/hotspot/share/memory/arena.cpp:81), pid=8864, tid=7364
#
# JRE version: Java(TM) SE Runtime Environment 18.9 (11.0.15.1+2) (build 11.0.15.1+2-LTS-10)
# Java VM: Java HotSpot(TM) 64-Bit Server VM 18.9 (11.0.15.1+2-LTS-10, mixed mode, tiered, compressed oops, g1 gc, windows-amd64)
# No core dump will be written. Minidumps are not enabled by default on client versions of Windows
#

---------------  S U M M A R Y ------------

Command Line: -Dfile.encoding=UTF-8 --module-path=E:\Library Management\library\build\classes library.AddLibrarian

Host: AMD Ryzen 5 3500U with Radeon Vega Mobile Gfx  , 8 cores, 5G,  Windows 11 , 64 bit Build 22621 (10.0.22621.755)
Time: Tue Nov 15 17:27:10 2022 Bangladesh Standard Time elapsed time: 38.406344 seconds (0d 0h 0m 38s)

---------------  T H R E A D  ---------------

Current thread (0x000001dbb2311000):  VMThread "VM Thread" [stack: 0x00000073e1300000,0x00000073e1400000] [id=7364] _threads_hazard_ptr=0x000001dbb93de3a0

Stack: [0x00000073e1300000,0x00000073e1400000]
[error occurred during error reporting (printing stack bounds), id 0xc0000005, EXCEPTION_ACCESS_VIOLATION (0xc0000005) at pc=0x000001db9cd30f2d]

Native frames: (J=compiled Java code, j=interpreted, Vv=VM code, C=native code)
V  [jvm.dll+0x629d8a]
V  [jvm.dll+0x7638ff]
V  [jvm.dll+0x764fa9]
V  [jvm.dll+0x765595]
V  [jvm.dll+0x76554b]
V  [jvm.dll+0x629273]
V  [jvm.dll+0x629988]
C  [ntdll.dll+0xa3eaf]
C  [ntdll.dll+0x1eae6]
C  [ntdll.dll+0xa2e9e]
C  0x000001db9cd30f2d

VM_Operation (0x00000073e2afac80): BulkRevokeBias, mode: safepoint, requested by thread 0x000001dbb9322000


---------------  P R O C E S S  ---------------

Threads class SMR info:
_java_thread_list=0x000001dbb93de3a0, length=16, elements={
0x000001dbb2335000, 0x000001dbb2337800, 0x000001dbb2cd2800, 0x000001dbb2351800,
0x000001dbb2354800, 0x000001dbb2356800, 0x000001dbb235a000, 0x000001dbb235d000,
0x000001dbb2e16000, 0x000001dbb323f000, 0x000001dbb31e9800, 0x000001dbb3202000,
0x000001dbb9322000, 0x000001db95682000, 0x000001dbb377e000, 0x000001dbb374d800
}

Java Threads: ( => current thread )
  0x000001dbb2335000 JavaThread "Reference Handler" daemon [_thread_blocked, id=17760, stack(0x00000073e1400000,0x00000073e1500000)]
  0x000001dbb2337800 JavaThread "Finalizer" daemon [_thread_blocked, id=22496, stack(0x00000073e1500000,0x00000073e1600000)]
  0x000001dbb2cd2800 JavaThread "Signal Dispatcher" daemon [_thread_blocked, id=1904, stack(0x00000073e1600000,0x00000073e1700000)]
  0x000001dbb2351800 JavaThread "Attach Listener" daemon [_thread_blocked, id=19676, stack(0x00000073e1700000,0x00000073e1800000)]
  0x000001dbb2354800 JavaThread "Service Thread" daemon [_thread_blocked, id=21676, stack(0x00000073e1800000,0x00000073e1900000)]
  0x000001dbb2356800 JavaThread "C2 CompilerThread0" daemon [_thread_blocked, id=22608, stack(0x00000073e1900000,0x00000073e1a00000)]
  0x000001dbb235a000 JavaThread "C1 CompilerThread0" daemon [_thread_blocked, id=10976, stack(0x00000073e1a00000,0x00000073e1b00000)]
  0x000001dbb235d000 JavaThread "Sweeper thread" daemon [_thread_blocked, id=1404, stack(0x00000073e1b00000,0x00000073e1c00000)]
  0x000001dbb2e16000 JavaThread "Common-Cleaner" daemon [_thread_blocked, id=16584, stack(0x00000073e1c00000,0x00000073e1d00000)]
  0x000001dbb323f000 JavaThread "Java2D Disposer" daemon [_thread_blocked, id=13672, stack(0x00000073e1f00000,0x00000073e2000000)]
  0x000001dbb31e9800 JavaThread "AWT-Shutdown" [_thread_blocked, id=1200, stack(0x00000073e2000000,0x00000073e2100000)]
  0x000001dbb3202000 JavaThread "AWT-Windows" daemon [_thread_in_native, id=2724, stack(0x00000073e2100000,0x00000073e2200000)]
  0x000001dbb9322000 JavaThread "AWT-EventQueue-0" [_thread_blocked, id=976, stack(0x00000073e2a00000,0x00000073e2b00000)]
  0x000001db95682000 JavaThread "DestroyJavaVM" [_thread_blocked, id=1060, stack(0x00000073e0d00000,0x00000073e0e00000)]
  0x000001dbb377e000 JavaThread "D3D Screen Updater" daemon [_thread_blocked, id=10268, stack(0x00000073e2c00000,0x00000073e2d00000)]
  0x000001dbb374d800 JavaThread "TimerQueue" daemon [_thread_blocked, id=23212, stack(0x00000073e1d00000,0x00000073e1e00000)]

Other Threads:
=>0x000001dbb2311000 VMThread "VM Thread" [stack: 0x00000073e1300000,0x00000073e1400000] [id=7364] _threads_hazard_ptr=0x000001dbb93de3a0
  0x000001dbb2fd6000 WatcherThread [stack: 0x00000073e1e00000,0x00000073e1f00000] [id=23228]
  0x000001db95696800 GCTaskThread "GC Thread#0" [stack: 0x00000073e0e00000,0x00000073e0f00000] [id=21620]
  0x000001db956bf000 ConcurrentGCThread "G1 Main Marker" [stack: 0x00000073e0f00000,0x00000073e1000000] [id=5036]
  0x000001db956c1000 ConcurrentGCThread "G1 Conc#0" [stack: 0x00000073e1000000,0x00000073e1100000] [id=5592]
  0x000001db95746000 ConcurrentGCThread "G1 Refine#0" [stack: 0x00000073e1100000,0x00000073e1200000] [id=17384]
  0x000001db9574a000 ConcurrentGCThread "G1 Young RemSet Sampling" [stack: 0x00000073e1200000,0x00000073e1300000] [id=11024]

Threads with active compile tasks:

VM state:at safepoint (normal execution)

VM Mutex/Monitor currently owned by a thread:  ([mutex/lock_event])
[0x000001db9567d0b0] Threads_lock - owner thread: 0x000001dbb2311000

Heap address: 0x00000000a0c00000, size: 1524 MB, Compressed Oops mode: 32-bit
Narrow klass base: 0x0000000000000000, Narrow klass shift: 3
Compressed class space size: 1073741824 Address: 0x0000000100000000

Heap:
 garbage-first heap   total 98304K, used 13312K [0x00000000a0c00000, 0x0000000100000000)
  region size 1024K, 12 young (12288K), 0 survivors (0K)
 Metaspace       used 14930K, capacity 15363K, committed 15488K, reserved 1062912K
  class space    used 1634K, capacity 1860K, committed 1920K, reserved 1048576K
Heap Regions: E=young(eden), S=young(survivor), O=old, HS=humongous(starts), HC=humongous(continues), CS=collection set, F=free, A=archive, TAMS=top-at-mark-start (previous, next)
|   0|0x00000000a0c00000, 0x00000000a0d00000, 0x00000000a0d00000|100%|HS|  |TAMS 0x00000000a0c00000, 0x00000000a0c00000| Complete 
|   1|0x00000000a0d00000, 0x00000000a0e00000, 0x00000000a0e00000|100%|HC|  |TAMS 0x00000000a0d00000, 0x00000000a0d00000| Complete 
|   2|0x00000000a0e00000, 0x00000000a0e00000, 0x00000000a0f00000|  0%| F|  |TAMS 0x00000000a0e00000, 0x00000000a0e00000| Untracked 
|   3|0x00000000a0f00000, 0x00000000a0f00000, 0x00000000a1000000|  0%| F|  |TAMS 0x00000000a0f00000, 0x00000000a0f00000| Untracked 
|   4|0x00000000a1000000, 0x00000000a1000000, 0x00000000a1100000|  0%| F|  |TAMS 0x00000000a1000000, 0x00000000a1000000| Untracked 
|   5|0x00000000a1100000, 0x00000000a1100000, 0x00000000a1200000|  0%| F|  |TAMS 0x00000000a1100000, 0x00000000a1100000| Untracked 
|   6|0x00000000a1200000, 0x00000000a1200000, 0x00000000a1300000|  0%| F|  |TAMS 0x00000000a1200000, 0x00000000a1200000| Untracked 
|   7|0x00000000a1300000, 0x00000000a1300000, 0x00000000a1400000|  0%| F|  |TAMS 0x00000000a1300000, 0x00000000a1300000| Untracked 
|   8|0x00000000a1400000, 0x00000000a1400000, 0x00000000a1500000|  0%| F|  |TAMS 0x00000000a1400000, 0x00000000a1400000| Untracked 
|   9|0x00000000a1500000, 0x00000000a1500000, 0x00000000a1600000|  0%| F|  |TAMS 0x00000000a1500000, 0x00000000a1500000| Untracked 
|  10|0x00000000a1600000, 0x00000000a1600000, 0x00000000a1700000|  0%| F|  |TAMS 0x00000000a1600000, 0x00000000a1600000| Untracked 
|  11|0x00000000a1700000, 0x00000000a1700000, 0x00000000a1800000|  0%| F|  |TAMS 0x00000000a1700000, 0x00000000a1700000| Untracked 
|  12|0x00000000a1800000, 0x00000000a1800000, 0x00000000a1900000|  0%| F|  |TAMS 0x00000000a1800000, 0x00000000a1800000| Untracked 
|  13|0x00000000a1900000, 0x00000000a1900000, 0x00000000a1a00000|  0%| F|  |TAMS 0x00000000a1900000, 0x00000000a1900000| Untracked 
|  14|0x00000000a1a00000, 0x00000000a1a00000, 0x00000000a1b00000|  0%| F|  |TAMS 0x00000000a1a00000, 0x00000000a1a00000| Untracked 
|  15|0x00000000a1b00000, 0x00000000a1b00000, 0x00000000a1c00000|  0%| F|  |TAMS 0x00000000a1b00000, 0x00000000a1b00000| Untracked 
|  16|0x00000000a1c00000, 0x00000000a1c00000, 0x00000000a1d00000|  0%| F|  |TAMS 0x00000000a1c00000, 0x00000000a1c00000| Untracked 
|  17|0x00000000a1d00000, 0x00000000a1d00000, 0x00000000a1e00000|  0%| F|  |TAMS 0x00000000a1d00000, 0x00000000a1d00000| Untracked 
|  18|0x00000000a1e00000, 0x00000000a1e00000, 0x00000000a1f00000|  0%| F|  |TAMS 0x00000000a1e00000, 0x00000000a1e00000| Untracked 
|  19|0x00000000a1f00000, 0x00000000a1f00000, 0x00000000a2000000|  0%| F|  |TAMS 0x00000000a1f00000, 0x00000000a1f00000| Untracked 
|  20|0x00000000a2000000, 0x00000000a2000000, 0x00000000a2100000|  0%| F|  |TAMS 0x00000000a2000000, 0x00000000a2000000| Untracked 
|  21|0x00000000a2100000, 0x00000000a2100000, 0x00000000a2200000|  0%| F|  |TAMS 0x00000000a2100000, 0x00000000a2100000| Untracked 
|  22|0x00000000a2200000, 0x00000000a2200000, 0x00000000a2300000|  0%| F|  |TAMS 0x00000000a2200000, 0x00000000a2200000| Untracked 
|  23|0x00000000a2300000, 0x00000000a2300000, 0x00000000a2400000|  0%| F|  |TAMS 0x00000000a2300000, 0x00000000a2300000| Untracked 
|  24|0x00000000a2400000, 0x00000000a2400000, 0x00000000a2500000|  0%| F|  |TAMS 0x00000000a2400000, 0x00000000a2400000| Untracked 
|  25|0x00000000a2500000, 0x00000000a2500000, 0x00000000a2600000|  0%| F|  |TAMS 0x00000000a2500000, 0x00000000a2500000| Untracked 
|  26|0x00000000a2600000, 0x00000000a2600000, 0x00000000a2700000|  0%| F|  |TAMS 0x00000000a2600000, 0x00000000a2600000| Untracked 
|  27|0x00000000a2700000, 0x00000000a2700000, 0x00000000a2800000|  0%| F|  |TAMS 0x00000000a2700000, 0x00000000a2700000| Untracked 
|  28|0x00000000a2800000, 0x00000000a2800000, 0x00000000a2900000|  0%| F|  |TAMS 0x00000000a2800000, 0x00000000a2800000| Untracked 
|  29|0x00000000a2900000, 0x00000000a2900000, 0x00000000a2a00000|  0%| F|  |TAMS 0x00000000a2900000, 0x00000000a2900000| Untracked 
|  30|0x00000000a2a00000, 0x00000000a2a00000, 0x00000000a2b00000|  0%| F|  |TAMS 0x00000000a2a00000, 0x00000000a2a00000| Untracked 
|  31|0x00000000a2b00000, 0x00000000a2b00000, 0x00000000a2c00000|  0%| F|  |TAMS 0x00000000a2b00000, 0x00000000a2b00000| Untracked 
|  32|0x00000000a2c00000, 0x00000000a2c00000, 0x00000000a2d00000|  0%| F|  |TAMS 0x00000000a2c00000, 0x00000000a2c00000| Untracked 
|  33|0x00000000a2d00000, 0x00000000a2d00000, 0x00000000a2e00000|  0%| F|  |TAMS 0x00000000a2d00000, 0x00000000a2d00000| Untracked 
|  34|0x00000000a2e00000, 0x00000000a2e00000, 0x00000000a2f00000|  0%| F|  |TAMS 0x00000000a2e00000, 0x00000000a2e00000| Untracked 
|  35|0x00000000a2f00000, 0x00000000a2f00000, 0x00000000a3000000|  0%| F|  |TAMS 0x00000000a2f00000, 0x00000000a2f00000| Untracked 
|  36|0x00000000a3000000, 0x00000000a3000000, 0x00000000a3100000|  0%| F|  |TAMS 0x00000000a3000000, 0x00000000a3000000| Untracked 
|  37|0x00000000a3100000, 0x00000000a3100000, 0x00000000a3200000|  0%| F|  |TAMS 0x00000000a3100000, 0x00000000a3100000| Untracked 
|  38|0x00000000a3200000, 0x00000000a3200000, 0x00000000a3300000|  0%| F|  |TAMS 0x00000000a3200000, 0x00000000a3200000| Untracked 
|  39|0x00000000a3300000, 0x00000000a3300000, 0x00000000a3400000|  0%| F|  |TAMS 0x00000000a3300000, 0x00000000a3300000| Untracked 
|  40|0x00000000a3400000, 0x00000000a3400000, 0x00000000a3500000|  0%| F|  |TAMS 0x00000000a3400000, 0x00000000a3400000| Untracked 
|  41|0x00000000a3500000, 0x00000000a3500000, 0x00000000a3600000|  0%| F|  |TAMS 0x00000000a3500000, 0x00000000a3500000| Untracked 
|  42|0x00000000a3600000, 0x00000000a3600000, 0x00000000a3700000|  0%| F|  |TAMS 0x00000000a3600000, 0x00000000a3600000| Untracked 
|  43|0x00000000a3700000, 0x00000000a3700000, 0x00000000a3800000|  0%| F|  |TAMS 0x00000000a3700000, 0x00000000a3700000| Untracked 
|  44|0x00000000a3800000, 0x00000000a3800000, 0x00000000a3900000|  0%| F|  |TAMS 0x00000000a3800000, 0x00000000a3800000| Untracked 
|  45|0x00000000a3900000, 0x00000000a3900000, 0x00000000a3a00000|  0%| F|  |TAMS 0x00000000a3900000, 0x00000000a3900000| Untracked 
|  46|0x00000000a3a00000, 0x00000000a3a00000, 0x00000000a3b00000|  0%| F|  |TAMS 0x00000000a3a00000, 0x00000000a3a00000| Untracked 
|  47|0x00000000a3b00000, 0x00000000a3b00000, 0x00000000a3c00000|  0%| F|  |TAMS 0x00000000a3b00000, 0x00000000a3b00000| Untracked 
|  48|0x00000000a3c00000, 0x00000000a3c00000, 0x00000000a3d00000|  0%| F|  |TAMS 0x00000000a3c00000, 0x00000000a3c00000| Untracked 
|  49|0x00000000a3d00000, 0x00000000a3d00000, 0x00000000a3e00000|  0%| F|  |TAMS 0x00000000a3d00000, 0x00000000a3d00000| Untracked 
|  50|0x00000000a3e00000, 0x00000000a3e00000, 0x00000000a3f00000|  0%| F|  |TAMS 0x00000000a3e00000, 0x00000000a3e00000| Untracked 
|  51|0x00000000a3f00000, 0x00000000a3f00000, 0x00000000a4000000|  0%| F|  |TAMS 0x00000000a3f00000, 0x00000000a3f00000| Untracked 
|  52|0x00000000a4000000, 0x00000000a4000000, 0x00000000a4100000|  0%| F|  |TAMS 0x00000000a4000000, 0x00000000a4000000| Untracked 
|  53|0x00000000a4100000, 0x00000000a4100000, 0x00000000a4200000|  0%| F|  |TAMS 0x00000000a4100000, 0x00000000a4100000| Untracked 
|  54|0x00000000a4200000, 0x00000000a4200000, 0x00000000a4300000|  0%| F|  |TAMS 0x00000000a4200000, 0x00000000a4200000| Untracked 
|  55|0x00000000a4300000, 0x00000000a4300000, 0x00000000a4400000|  0%| F|  |TAMS 0x00000000a4300000, 0x00000000a4300000| Untracked 
|  56|0x00000000a4400000, 0x00000000a4400000, 0x00000000a4500000|  0%| F|  |TAMS 0x00000000a4400000, 0x00000000a4400000| Untracked 
|  57|0x00000000a4500000, 0x00000000a4500000, 0x00000000a4600000|  0%| F|  |TAMS 0x00000000a4500000, 0x00000000a4500000| Untracked 
|  58|0x00000000a4600000, 0x00000000a4600000, 0x00000000a4700000|  0%| F|  |TAMS 0x00000000a4600000, 0x00000000a4600000| Untracked 
|  59|0x00000000a4700000, 0x00000000a4700000, 0x00000000a4800000|  0%| F|  |TAMS 0x00000000a4700000, 0x00000000a4700000| Untracked 
|  60|0x00000000a4800000, 0x00000000a4800000, 0x00000000a4900000|  0%| F|  |TAMS 0x00000000a4800000, 0x00000000a4800000| Untracked 
|  61|0x00000000a4900000, 0x00000000a4900000, 0x00000000a4a00000|  0%| F|  |TAMS 0x00000000a4900000, 0x00000000a4900000| Untracked 
|  62|0x00000000a4a00000, 0x00000000a4a00000, 0x00000000a4b00000|  0%| F|  |TAMS 0x00000000a4a00000, 0x00000000a4a00000| Untracked 
|  63|0x00000000a4b00000, 0x00000000a4b00000, 0x00000000a4c00000|  0%| F|  |TAMS 0x00000000a4b00000, 0x00000000a4b00000| Untracked 
|  64|0x00000000a4c00000, 0x00000000a4c00000, 0x00000000a4d00000|  0%| F|  |TAMS 0x00000000a4c00000, 0x00000000a4c00000| Untracked 
|  65|0x00000000a4d00000, 0x00000000a4d00000, 0x00000000a4e00000|  0%| F|  |TAMS 0x00000000a4d00000, 0x00000000a4d00000| Untracked 
|  66|0x00000000a4e00000, 0x00000000a4e00000, 0x00000000a4f00000|  0%| F|  |TAMS 0x00000000a4e00000, 0x00000000a4e00000| Untracked 
|  67|0x00000000a4f00000, 0x00000000a4f00000, 0x00000000a5000000|  0%| F|  |TAMS 0x00000000a4f00000, 0x00000000a4f00000| Untracked 
|  68|0x00000000a5000000, 0x00000000a5000000, 0x00000000a5100000|  0%| F|  |TAMS 0x00000000a5000000, 0x00000000a5000000| Untracked 
|  69|0x00000000a5100000, 0x00000000a5100000, 0x00000000a5200000|  0%| F|  |TAMS 0x00000000a5100000, 0x00000000a5100000| Untracked 
|  70|0x00000000a5200000, 0x00000000a5200000, 0x00000000a5300000|  0%| F|  |TAMS 0x00000000a5200000, 0x00000000a5200000| Untracked 
|  71|0x00000000a5300000, 0x00000000a5300000, 0x00000000a5400000|  0%| F|  |TAMS 0x00000000a5300000, 0x00000000a5300000| Untracked 
|  72|0x00000000a5400000, 0x00000000a5400000, 0x00000000a5500000|  0%| F|  |TAMS 0x00000000a5400000, 0x00000000a5400000| Untracked 
|  73|0x00000000a5500000, 0x00000000a5500000, 0x00000000a5600000|  0%| F|  |TAMS 0x00000000a5500000, 0x00000000a5500000| Untracked 
|  74|0x00000000a5600000, 0x00000000a5600000, 0x00000000a5700000|  0%| F|  |TAMS 0x00000000a5600000, 0x00000000a5600000| Untracked 
|  75|0x00000000a5700000, 0x00000000a5700000, 0x00000000a5800000|  0%| F|  |TAMS 0x00000000a5700000, 0x00000000a5700000| Untracked 
|  76|0x00000000a5800000, 0x00000000a5800000, 0x00000000a5900000|  0%| F|  |TAMS 0x00000000a5800000, 0x00000000a5800000| Untracked 
|  77|0x00000000a5900000, 0x00000000a5900000, 0x00000000a5a00000|  0%| F|  |TAMS 0x00000000a5900000, 0x00000000a5900000| Untracked 
|  78|0x00000000a5a00000, 0x00000000a5a00000, 0x00000000a5b00000|  0%| F|  |TAMS 0x00000000a5a00000, 0x00000000a5a00000| Untracked 
|  79|0x00000000a5b00000, 0x00000000a5b00000, 0x00000000a5c00000|  0%| F|  |TAMS 0x00000000a5b00000, 0x00000000a5b00000| Untracked 
|  80|0x00000000a5c00000, 0x00000000a5c00000, 0x00000000a5d00000|  0%| F|  |TAMS 0x00000000a5c00000, 0x00000000a5c00000| Untracked 
|  81|0x00000000a5d00000, 0x00000000a5d00000, 0x00000000a5e00000|  0%| F|  |TAMS 0x00000000a5d00000, 0x00000000a5d00000| Untracked 
|  82|0x00000000a5e00000, 0x00000000a5e00000, 0x00000000a5f00000|  0%| F|  |TAMS 0x00000000a5e00000, 0x00000000a5e00000| Untracked 
|  83|0x00000000a5f00000, 0x00000000a5f00000, 0x00000000a6000000|  0%| F|  |TAMS 0x00000000a5f00000, 0x00000000a5f00000| Untracked 
|  84|0x00000000a6000000, 0x00000000a607e7b8, 0x00000000a6100000| 49%| E|  |TAMS 0x00000000a6000000, 0x00000000a6000000| Complete 
|  85|0x00000000a6100000, 0x00000000a6200000, 0x00000000a6200000|100%| E|CS|TAMS 0x00000000a6100000, 0x00000000a6100000| Complete 
|  86|0x00000000a6200000, 0x00000000a6300000, 0x00000000a6300000|100%| E|CS|TAMS 0x00000000a6200000, 0x00000000a6200000| Complete 
|  87|0x00000000a6300000, 0x00000000a6400000, 0x00000000a6400000|100%| E|CS|TAMS 0x00000000a6300000, 0x00000000a6300000| Complete 
|  88|0x00000000a6400000, 0x00000000a6500000, 0x00000000a6500000|100%| E|CS|TAMS 0x00000000a6400000, 0x00000000a6400000| Complete 
|  89|0x00000000a6500000, 0x00000000a6600000, 0x00000000a6600000|100%| E|CS|TAMS 0x00000000a6500000, 0x00000000a6500000| Complete 
|  90|0x00000000a6600000, 0x00000000a6700000, 0x00000000a6700000|100%| E|CS|TAMS 0x00000000a6600000, 0x00000000a6600000| Complete 
|  91|0x00000000a6700000, 0x00000000a6800000, 0x00000000a6800000|100%| E|CS|TAMS 0x00000000a6700000, 0x00000000a6700000| Complete 
|  92|0x00000000a6800000, 0x00000000a6900000, 0x00000000a6900000|100%| E|CS|TAMS 0x00000000a6800000, 0x00000000a6800000| Complete 
|  93|0x00000000a6900000, 0x00000000a6a00000, 0x00000000a6a00000|100%| E|CS|TAMS 0x00000000a6900000, 0x00000000a6900000| Complete 
|  94|0x00000000a6a00000, 0x00000000a6b00000, 0x00000000a6b00000|100%| E|CS|TAMS 0x00000000a6a00000, 0x00000000a6a00000| Complete 
|  95|0x00000000a6b00000, 0x00000000a6c00000, 0x00000000a6c00000|100%| E|CS|TAMS 0x00000000a6b00000, 0x00000000a6b00000| Complete 

Card table byte_map: [0x000001dbac360000,0x000001dbac660000] _byte_map_base: 0x000001dbabe5a000

Marking Bits (Prev, Next): (CMBitMap*) 0x000001db956b6218, (CMBitMap*) 0x000001db956b6250
 Prev Bits: [0x000001dbac960000, 0x000001dbae130000)
 Next Bits: [0x000001dbae130000, 0x000001dbaf900000)

Polling page: 0x000001db94e60000

Metaspace:

Usage:
  Non-class:     13.19 MB capacity,    12.98 MB ( 98%) used,   164.30 KB (  1%) free+waste,    43.50 KB ( <1%) overhead. 
      Class:      1.82 MB capacity,     1.60 MB ( 88%) used,   201.01 KB ( 11%) free+waste,    24.19 KB (  1%) overhead. 
       Both:     15.00 MB capacity,    14.58 MB ( 97%) used,   365.30 KB (  2%) free+waste,    67.69 KB ( <1%) overhead. 

Virtual space:
  Non-class space:       14.00 MB reserved,      13.25 MB ( 95%) committed 
      Class space:        1.00 GB reserved,       1.88 MB ( <1%) committed 
             Both:        1.01 GB reserved,      15.13 MB (  1%) committed 

Chunk freelists:
   Non-Class:  128 bytes
       Class:  3.50 KB
        Both:  3.63 KB

CodeHeap 'non-profiled nmethods': size=120000Kb used=334Kb max_used=334Kb free=119665Kb
 bounds [0x000001dba4800000, 0x000001dba4a70000, 0x000001dbabd30000]
CodeHeap 'profiled nmethods': size=120000Kb used=1481Kb max_used=1481Kb free=118518Kb
 bounds [0x000001db9d2d0000, 0x000001db9d540000, 0x000001dba4800000]
CodeHeap 'non-nmethods': size=5760Kb used=1211Kb max_used=1211Kb free=4548Kb
 bounds [0x000001db9cd30000, 0x000001db9cfa0000, 0x000001db9d2d0000]
 total_blobs=1604 nmethods=1017 adapters=499
 compilation: enabled
              stopped_count=0, restarted_count=0
 full_count=0

Compilation events (10 events):
Event: 38.370 Thread 0x000001dbb235a000 1013       1       java.awt.image.ColorModel::getTransparency (5 bytes)
Event: 38.370 Thread 0x000001dbb235a000 nmethod 1013 0x000001dba4852c10 code [0x000001dba4852da0, 0x000001dba4852e58]
Event: 38.370 Thread 0x000001dbb235a000 1014       1       sun.awt.image.SunVolatileImage::getWidth (5 bytes)
Event: 38.371 Thread 0x000001dbb235a000 nmethod 1014 0x000001dba4852f10 code [0x000001dba48530a0, 0x000001dba4853158]
Event: 38.371 Thread 0x000001dbb235a000 1015       1       sun.awt.image.SunVolatileImage::getHeight (5 bytes)
Event: 38.371 Thread 0x000001dbb235a000 nmethod 1015 0x000001dba4853210 code [0x000001dba48533a0, 0x000001dba4853458]
Event: 38.371 Thread 0x000001dbb235a000 1016       1       sun.java2d.SurfaceData::getSurfaceType (5 bytes)
Event: 38.371 Thread 0x000001dbb235a000 nmethod 1016 0x000001dba4853510 code [0x000001dba48536a0, 0x000001dba4853758]
Event: 38.371 Thread 0x000001dbb235a000 1017       1       sun.awt.image.SunVolatileImage::getGraphicsConfig (5 bytes)
Event: 38.371 Thread 0x000001dbb235a000 nmethod 1017 0x000001dba4853810 code [0x000001dba48539a0, 0x000001dba4853a58]

GC Heap History (0 events):
No events

Deoptimization events (7 events):
Event: 0.233 Thread 0x000001db95682000 Uncommon trap: reason=unstable_if action=reinterpret pc=0x000001dba4805070 method=java.lang.String.isLatin1()Z @ 10 c2
Event: 0.256 Thread 0x000001db95682000 Uncommon trap: reason=unstable_if action=reinterpret pc=0x000001dba480f6d4 method=java.util.HashMap.putVal(ILjava/lang/Object;Ljava/lang/Object;ZZ)Ljava/lang/Object; @ 81 c2
Event: 0.324 Thread 0x000001db95682000 Uncommon trap: reason=bimorphic_or_optimized_type_check action=maybe_recompile pc=0x000001dba480b394 method=java.util.AbstractCollection.isEmpty()Z @ 1 c2
Event: 0.324 Thread 0x000001db95682000 Uncommon trap: reason=bimorphic_or_optimized_type_check action=maybe_recompile pc=0x000001dba480b394 method=java.util.AbstractCollection.isEmpty()Z @ 1 c2
Event: 0.326 Thread 0x000001db95682000 Uncommon trap: reason=bimorphic_or_optimized_type_check action=maybe_recompile pc=0x000001dba480b394 method=java.util.AbstractCollection.isEmpty()Z @ 1 c2
Event: 0.326 Thread 0x000001db95682000 Uncommon trap: reason=bimorphic_or_optimized_type_check action=maybe_recompile pc=0x000001dba480b394 method=java.util.AbstractCollection.isEmpty()Z @ 1 c2
Event: 1.018 Thread 0x000001db95682000 Uncommon trap: reason=unstable_if action=reinterpret pc=0x000001dba48304c0 method=java.lang.StringLatin1.replace([BCC)Ljava/lang/String; @ 19 c2

Classes redefined (0 events):
No events

Internal exceptions (10 events):
Event: 0.765 Thread 0x000001db95682000 Exception <a 'java/lang/NoSuchMethodError'{0x00000000a652e710}: java.lang.invoke.DirectMethodHandle$Holder.invokeStatic(Ljava/lang/Object;ILjava/lang/Object;)Ljava/lang/Object;> (0x00000000a652e710) thrown at [./open/src/hotspot/share/interpreter/linkReso
Event: 0.800 Thread 0x000001db95682000 Exception <a 'java/lang/ClassNotFoundException'{0x00000000a65dc228}: com/sun/swing/internal/plaf/metal/resources/spi/metalProvider> (0x00000000a65dc228) thrown at [./open/src/hotspot/share/classfile/systemDictionary.cpp, line 226]
Event: 0.802 Thread 0x000001db95682000 Exception <a 'java/lang/ClassNotFoundException'{0x00000000a65e0488}: com/sun/swing/internal/plaf/basic/resources/spi/basicProvider> (0x00000000a65e0488) thrown at [./open/src/hotspot/share/classfile/systemDictionary.cpp, line 226]
Event: 0.910 Thread 0x000001dbb3202000 Exception <a 'java/lang/NoSuchMethodError'{0x00000000a678e258}: java.lang.invoke.DirectMethodHandle$Holder.invokeVirtual(Ljava/lang/Object;Ljava/lang/Object;)V> (0x00000000a678e258) thrown at [./open/src/hotspot/share/interpreter/linkResolver.cpp, line 77
Event: 0.940 Thread 0x000001db95682000 Exception <a 'java/lang/NoSuchMethodError'{0x00000000a64d1100}: java.lang.invoke.DirectMethodHandle$Holder.invokeStaticInit(Ljava/lang/Object;)V> (0x00000000a64d1100) thrown at [./open/src/hotspot/share/interpreter/linkResolver.cpp, line 772]
Event: 1.001 Thread 0x000001db95682000 Exception <a 'java/lang/NoSuchMethodError'{0x00000000a63df528}: java.lang.invoke.DirectMethodHandle$Holder.invokeStatic(Ljava/lang/Object;Ljava/lang/Object;Ljava/lang/Object;Ljava/lang/Object;Ljava/lang/Object;Ljava/lang/Object;Ljava/lang/Object;Ljava/lan
Event: 1.004 Thread 0x000001db95682000 Exception <a 'java/lang/NoSuchMethodError'{0x00000000a63fe0f8}: java.lang.invoke.DirectMethodHandle$Holder.invokeStatic(Ljava/lang/Object;Ljava/lang/Object;Ljava/lang/Object;Ljava/lang/Object;Ljava/lang/Object;Ljava/lang/Object;Ljava/lang/Object;Ljava/lan
Event: 1.006 Thread 0x000001db95682000 Exception <a 'java/lang/NoSuchMethodError'{0x00000000a621d558}: java.lang.invoke.DirectMethodHandle$Holder.invokeStatic(Ljava/lang/Object;Ljava/lang/Object;Ljava/lang/Object;Ljava/lang/Object;Ljava/lang/Object;Ljava/lang/Object;Ljava/lang/Object;Ljava/lan
Event: 1.009 Thread 0x000001db95682000 Exception <a 'java/lang/NoSuchMethodError'{0x00000000a6229508}: java.lang.invoke.Invokers$Holder.linkToTargetMethod(Ljava/lang/Object;ILjava/lang/Object;)Ljava/lang/Object;> (0x00000000a6229508) thrown at [./open/src/hotspot/share/interpreter/linkResolver
Event: 1.052 Thread 0x000001db95682000 Exception <a 'java/lang/NoSuchMethodError'{0x00000000a6273750}: java.lang.invoke.DirectMethodHandle$Holder.invokeStatic(Ljava/lang/Object;Ljava/lang/Object;Ljava/lang/Object;Ljava/lang/Object;Ljava/lang/Object;Ljava/lang/Object;Ljava/lang/Object;Ljava/lan

Events (10 events):
Event: 38.395 Executing VM operation: RevokeBias done
Event: 38.395 Executing VM operation: RevokeBias
Event: 38.395 Executing VM operation: RevokeBias done
Event: 38.395 Executing VM operation: RevokeBias
Event: 38.395 Executing VM operation: RevokeBias done
Event: 38.395 Executing VM operation: RevokeBias
Event: 38.395 Executing VM operation: RevokeBias done
Event: 38.395 Executing VM operation: RevokeBias
Event: 38.396 Executing VM operation: RevokeBias done
Event: 38.396 Executing VM operation: BulkRevokeBias


Dynamic libraries:
0x00007ff601ac0000 - 0x00007ff601acf000 	D:\Java\jdk-11.0.15.1\bin\java.exe
0x00007ff86a530000 - 0x00007ff86a744000 	C:\WINDOWS\SYSTEM32\ntdll.dll
0x00007ff868e50000 - 0x00007ff868f12000 	C:\WINDOWS\System32\KERNEL32.DLL
0x00007ff867b20000 - 0x00007ff867ebd000 	C:\WINDOWS\System32\KERNELBASE.dll
0x00007ff867a00000 - 0x00007ff867b11000 	C:\WINDOWS\System32\ucrtbase.dll
0x00007ff864840000 - 0x00007ff864858000 	D:\Java\jdk-11.0.15.1\bin\jli.dll
0x00007ff853cf0000 - 0x00007ff853d05000 	D:\Java\jdk-11.0.15.1\bin\VCRUNTIME140.dll
0x00007ff868b40000 - 0x00007ff868bee000 	C:\WINDOWS\System32\ADVAPI32.dll
0x00007ff86a270000 - 0x00007ff86a317000 	C:\WINDOWS\System32\msvcrt.dll
0x00007ff868fe0000 - 0x00007ff869084000 	C:\WINDOWS\System32\sechost.dll
0x00007ff869090000 - 0x00007ff8691a5000 	C:\WINDOWS\System32\RPCRT4.dll
0x00007ff8691d0000 - 0x00007ff86937a000 	C:\WINDOWS\System32\USER32.dll
0x00007ff867960000 - 0x00007ff867986000 	C:\WINDOWS\System32\win32u.dll
0x00007ff8535d0000 - 0x00007ff85385e000 	C:\WINDOWS\WinSxS\amd64_microsoft.windows.common-controls_6595b64144ccf1df_6.0.22621.608_none_a9444ca7c10bb01d\COMCTL32.dll
0x00007ff8684f0000 - 0x00007ff868519000 	C:\WINDOWS\System32\GDI32.dll
0x00007ff867f40000 - 0x00007ff868052000 	C:\WINDOWS\System32\gdi32full.dll
0x00007ff868290000 - 0x00007ff86832a000 	C:\WINDOWS\System32\msvcp_win.dll
0x00007ff85fc10000 - 0x00007ff85fc1a000 	C:\WINDOWS\SYSTEM32\VERSION.dll
0x00007ff86a4b0000 - 0x00007ff86a4e2000 	C:\WINDOWS\System32\IMM32.DLL
0x00007ff83a1d0000 - 0x00007ff83a26b000 	D:\Java\jdk-11.0.15.1\bin\msvcp140.dll
0x00007ffffc4e0000 - 0x00007ffffcff6000 	D:\Java\jdk-11.0.15.1\bin\server\jvm.dll
0x00007ff86a260000 - 0x00007ff86a268000 	C:\WINDOWS\System32\PSAPI.DLL
0x00007ff84f5c0000 - 0x00007ff84f5c9000 	C:\WINDOWS\SYSTEM32\WSOCK32.dll
0x00007ff8610d0000 - 0x00007ff861104000 	C:\WINDOWS\SYSTEM32\WINMM.dll
0x00007ff86a320000 - 0x00007ff86a391000 	C:\WINDOWS\System32\WS2_32.dll
0x00007ff8669d0000 - 0x00007ff8669e8000 	C:\WINDOWS\SYSTEM32\kernel.appcore.dll
0x00007ff861ee0000 - 0x00007ff861ef0000 	D:\Java\jdk-11.0.15.1\bin\verify.dll
0x00007ff8652a0000 - 0x00007ff8654ce000 	C:\WINDOWS\SYSTEM32\DBGHELP.DLL
0x00007ff869db0000 - 0x00007ff86a13a000 	C:\WINDOWS\System32\combase.dll
0x00007ff868d70000 - 0x00007ff868e47000 	C:\WINDOWS\System32\OLEAUT32.dll
0x00007ff850710000 - 0x00007ff850742000 	C:\WINDOWS\SYSTEM32\dbgcore.DLL
0x00007ff867ec0000 - 0x00007ff867f3b000 	C:\WINDOWS\System32\bcryptPrimitives.dll
0x00007ff853c80000 - 0x00007ff853ca8000 	D:\Java\jdk-11.0.15.1\bin\java.dll
0x00007ff853b60000 - 0x00007ff853b6a000 	D:\Java\jdk-11.0.15.1\bin\jimage.dll
0x00007ff853b40000 - 0x00007ff853b56000 	D:\Java\jdk-11.0.15.1\bin\zip.dll
0x00007ff8695d0000 - 0x00007ff869db0000 	C:\WINDOWS\System32\SHELL32.dll
0x00007ff8659a0000 - 0x00007ff866265000 	C:\WINDOWS\SYSTEM32\windows.storage.dll
0x00007ff865860000 - 0x00007ff86599e000 	C:\WINDOWS\SYSTEM32\wintypes.dll
0x00007ff868bf0000 - 0x00007ff868ce1000 	C:\WINDOWS\System32\SHCORE.dll
0x00007ff868cf0000 - 0x00007ff868d4e000 	C:\WINDOWS\System32\shlwapi.dll
0x00007ff867890000 - 0x00007ff8678b1000 	C:\WINDOWS\SYSTEM32\profapi.dll
0x00007ff853b20000 - 0x00007ff853b39000 	D:\Java\jdk-11.0.15.1\bin\net.dll
0x00007ff860820000 - 0x00007ff86094f000 	C:\WINDOWS\SYSTEM32\WINHTTP.dll
0x00007ff866e30000 - 0x00007ff866e99000 	C:\WINDOWS\system32\mswsock.dll
0x00007ff8474e0000 - 0x00007ff8474f2000 	D:\Java\jdk-11.0.15.1\bin\nio.dll
0x00007ff839e50000 - 0x00007ff839fea000 	D:\Java\jdk-11.0.15.1\bin\awt.dll
0x00007ff8648d0000 - 0x00007ff864967000 	C:\WINDOWS\SYSTEM32\apphelp.dll
0x00007ff864d00000 - 0x00007ff864d2b000 	C:\WINDOWS\system32\DWMAPI.DLL
0x00007ff864aa0000 - 0x00007ff864b4b000 	C:\WINDOWS\system32\uxtheme.dll
0x00007ff82ffd0000 - 0x00007ff8300d0000 	C:\WINDOWS\system32\opengl32.dll
0x00007ff844c10000 - 0x00007ff844c3d000 	C:\WINDOWS\SYSTEM32\GLU32.dll
0x00007ff864bb0000 - 0x00007ff864be6000 	C:\WINDOWS\SYSTEM32\dxcore.dll
0x00007ff869380000 - 0x00007ff86949e000 	C:\WINDOWS\System32\MSCTF.dll
0x00007ff8689a0000 - 0x00007ff868b3c000 	C:\WINDOWS\System32\ole32.dll
0x00007ff85b630000 - 0x00007ff85b7d9000 	C:\WINDOWS\system32\d3d9.dll
0x00007ff85eb90000 - 0x00007ff85ed48000 	C:\Windows\System32\DriverStore\FileRepository\u0377487.inf_amd64_99415ae859206efa\B377170\aticfx64.dll
0x00007ff805f30000 - 0x00007ff805f64000 	C:\Windows\System32\DriverStore\FileRepository\u0377487.inf_amd64_99415ae859206efa\B377170\atiu9p64.dll
0x00007ffffe300000 - 0x00007fffff054000 	C:\Windows\System32\DriverStore\FileRepository\u0377487.inf_amd64_99415ae859206efa\B377170\atiumd64.dll
0x000000006f490000 - 0x0000000070303000 	C:\WINDOWS\System32\DriverStore\FileRepository\u0377487.inf_amd64_99415ae859206efa\B377170\atiumd6a.dll
0x00007ff868520000 - 0x00007ff86899a000 	C:\WINDOWS\System32\SETUPAPI.dll
0x00007ff8675c0000 - 0x00007ff86760d000 	C:\WINDOWS\SYSTEM32\POWRPROF.dll
0x00007ff867410000 - 0x00007ff867423000 	C:\WINDOWS\SYSTEM32\UMPDC.dll
0x00007ff85b060000 - 0x00007ff85b090000 	C:\WINDOWS\SYSTEM32\amdihk64.dll
0x00007ff861590000 - 0x00007ff8615d9000 	C:\WINDOWS\SYSTEM32\directxdatabasehelper.dll
0x00007ff839dc0000 - 0x00007ff839e46000 	D:\Java\jdk-11.0.15.1\bin\freetype.dll
0x00007ff839aa0000 - 0x00007ff839b45000 	D:\Java\jdk-11.0.15.1\bin\fontmanager.dll
0x00007ff868f20000 - 0x00007ff868fd7000 	C:\WINDOWS\System32\clbcatq.dll
0x00007ff8630d0000 - 0x00007ff863280000 	C:\WINDOWS\SYSTEM32\WindowsCodecs.dll
0x00007ff847500000 - 0x00007ff84755e000 	C:\WINDOWS\system32\dataexchange.dll
0x00007ff85f780000 - 0x00007ff85f9ea000 	C:\WINDOWS\system32\twinapi.appcore.dll
0x00007ff852330000 - 0x00007ff85245d000 	C:\WINDOWS\SYSTEM32\textinputframework.dll
0x00007ff8644e0000 - 0x00007ff864613000 	C:\WINDOWS\SYSTEM32\CoreMessaging.dll
0x00007ff860ad0000 - 0x00007ff860e3c000 	C:\WINDOWS\SYSTEM32\CoreUIComponents.dll
0x00007ff867090000 - 0x00007ff86709c000 	C:\WINDOWS\SYSTEM32\CRYPTBASE.DLL
0x00007ff852870000 - 0x00007ff852920000 	C:\WINDOWS\SYSTEM32\TextShaping.dll

dbghelp: loaded successfully - version: 4.0.5 - missing functions: none
symbol engine: initialized successfully - sym options: 0x614 - pdb path: .;D:\Java\jdk-11.0.15.1\bin;C:\WINDOWS\SYSTEM32;C:\WINDOWS\WinSxS\amd64_microsoft.windows.common-controls_6595b64144ccf1df_6.0.22621.608_none_a9444ca7c10bb01d;D:\Java\jdk-11.0.15.1\bin\server;C:\Windows\System32\DriverStore\FileRepository\u0377487.inf_amd64_99415ae859206efa\B377170

VM Arguments:
jvm_args: -Dfile.encoding=UTF-8 --module-path=E:\Library Management\library\build\classes 
java_command: library.AddLibrarian
java_class_path (initial): C:\Users\asus\Downloads\mysql-connector-java-8.0.28.jar;E:\Library Management\library\build\classes
Launcher Type: SUN_STANDARD

[Global flags]
     intx CICompilerCount                          = 4                                         {product} {ergonomic}
     uint ConcGCThreads                            = 2                                         {product} {ergonomic}
     uint G1ConcRefinementThreads                  = 8                                         {product} {ergonomic}
   size_t G1HeapRegionSize                         = 1048576                                   {product} {ergonomic}
    uintx GCDrainStackTargetSize                   = 64                                        {product} {ergonomic}
   size_t InitialHeapSize                          = 100663296                                 {product} {ergonomic}
   size_t MarkStackSize                            = 4194304                                   {product} {ergonomic}
   size_t MaxHeapSize                              = 1598029824                                {product} {ergonomic}
   size_t MaxNewSize                               = 958398464                                 {product} {ergonomic}
   size_t MinHeapDeltaBytes                        = 1048576                                   {product} {ergonomic}
    uintx NonNMethodCodeHeapSize                   = 5836300                                {pd product} {ergonomic}
    uintx NonProfiledCodeHeapSize                  = 122910970                              {pd product} {ergonomic}
    uintx ProfiledCodeHeapSize                     = 122910970                              {pd product} {ergonomic}
    uintx ReservedCodeCacheSize                    = 251658240                              {pd product} {ergonomic}
     bool SegmentedCodeCache                       = true                                      {product} {ergonomic}
     bool UseCompressedClassPointers               = true                                 {lp64_product} {ergonomic}
     bool UseCompressedOops                        = true                                 {lp64_product} {ergonomic}
     bool UseG1GC                                  = true                                      {product} {ergonomic}
     bool UseLargePagesIndividualAllocation        = false                                  {pd product} {ergonomic}

Logging:
Log output configuration:
 #0: stdout all=warning uptime,level,tags
 #1: stderr all=off uptime,level,tags

Environment Variables:
PATH=C:\Program Files\Common Files\Oracle\Java\javapath;D:\Oracle\app\oracle\product\10.2.0\server\bin;C:\Windows\system32;C:\Windows;C:\Windows\System32\Wbem;C:\Windows\System32\WindowsPowerShell\v1.0\;C:\Windows\System32\OpenSSH\;C:\Program Files (x86)\NVIDIA Corporation\PhysX\Common;C:\Program Files\NVIDIA Corporation\NVIDIA NvDLISR;D:\SwiProlog\swipl\bin;C:\WINDOWS\system32;C:\WINDOWS;C:\WINDOWS\System32\Wbem;C:\WINDOWS\System32\WindowsPowerShell\v1.0\;C:\WINDOWS\System32\OpenSSH\;C:\Program Files\MySQL\MySQL Shell 8.0\bin\;D:\Anaconda;D:\Anaconda\Library\mingw-w64\bin;D:\Anaconda\Library\usr\bin;D:\Anaconda\Library\bin;D:\Anaconda\Scripts;C:\Users\asus\AppData\Local\Microsoft\WindowsApps;D:\vs\Microsoft VS Code\bin;D:\INtellij Idea\IntelliJ IDEA Community Edition 2022.2.3\bin;;
USERNAME=asus
OS=Windows_NT
PROCESSOR_IDENTIFIER=AMD64 Family 23 Model 24 Stepping 1, AuthenticAMD



---------------  S Y S T E M  ---------------

OS: Windows 11 , 64 bit Build 22621 (10.0.22621.755)

CPU:total 8 (initial active 8) (8 cores per cpu, 2 threads per core) family 23 model 24 stepping 1 microcode 0x0, cmov, cx8, fxsr, mmx, sse, sse2, sse3, ssse3, sse4.1, sse4.2, popcnt, avx, avx2, aes, clmul, mmxext, 3dnowpref, lzcnt, sse4a, ht, tsc, tscinvbit, tscinv, bmi1, bmi2, adx, s

Memory: 4k page, system-wide physical 6091M (146M free)
TotalPageFile size 22135M (AvailPageFile size 0M)
current process WorkingSet (physical memory assigned to process): 96M, peak: 102M
current process commit charge ("private bytes"): 230M, peak: 237M

vm_info: Java HotSpot(TM) 64-Bit Server VM (11.0.15.1+2-LTS-10) for windows-amd64 JRE (11.0.15.1+2-LTS-10), built on Apr 25 2022 21:51:57 by "mach5one" with MS VC++ 15.9 (VS2017)

END.
